Config file config/resources.yaml is extended by additional config specified via the command line.
Building DAG of jobs...
Using shell: /cvmfs/soft.computecanada.ca/gentoo/2023/x86-64-v3/usr/bin/bash
Provided cores: 8
Rules claiming more threads will be scaled down.
Select jobs to execute...

[Wed May 13 23:09:05 2026]
rule star_multiqc:
    input: ../tempdir/star/star_report/path_log_star_align.txt
    output: ../results/report/star/star_multiqc_report.html
    jobid: 0
    reason: Missing output files: ../results/report/star/star_multiqc_report.html
    resources: mem_mb=1000, mem_mib=954, disk_mb=1000, disk_mib=954, tmpdir=/tmp

Activating conda environment: .snakemake/conda/cefe26d19f24b554862a62c6b0cd79e5_

/// MultiQC 🔍 v1.35

       file_search | Search path: /scratch/abthiaw/snorna_exprof/tempdir/star/star_align/ASO_Control/Aligned.sortedByCoord.out.bam
       file_search | Search path: /scratch/abthiaw/snorna_exprof/tempdir/star/star_align/ASO_Control/Log.final.out
       file_search | Search path: /scratch/abthiaw/snorna_exprof/tempdir/star/star_align/ASO_Control/Log.out
       file_search | Search path: /scratch/abthiaw/snorna_exprof/tempdir/star/star_align/ASO_Control/Log.progress.out
       file_search | Search path: /scratch/abthiaw/snorna_exprof/tempdir/star/star_align/ASO_Control/SJ.out.tab
              star | Found 1 reports
     write_results | Data        : /scratch/abthiaw/snorna_exprof/results/report/star/star_multiqc_report_data
     write_results | Report      : /scratch/abthiaw/snorna_exprof/results/report/star/star_multiqc_report.html
           multiqc | MultiQC complete
[Wed May 13 23:09:16 2026]
Finished job 0.
1 of 1 steps (100%) done
