Config file config/resources.yaml is extended by additional config specified via the command line.
Building DAG of jobs...
Using shell: /cvmfs/soft.computecanada.ca/gentoo/2023/x86-64-v3/usr/bin/bash
Provided cores: 32
Rules claiming more threads will be scaled down.
Select jobs to execute...

[Wed May 13 23:04:50 2026]
rule coco_cc:
    input: /home/abthiaw/scratch/data/references/Homo_Sapiens_GRCh38_newsno.115_v2025.correct_annotation.gtf, ../tempdir/star/star_align/ASO_Control/Aligned.sortedByCoord.out.bam
    output: ../tempdir/coco/ASO_Control.tsv
    log: ../tempdir/logs/coco/ASO_Control.log
    jobid: 0
    reason: Missing output files: ../tempdir/coco/ASO_Control.tsv
    wildcards: sample=ASO_Control
    threads: 32
    resources: mem_mb=7567, mem_mib=7217, disk_mb=7567, disk_mib=7217, tmpdir=/tmp

Activating conda environment: .snakemake/conda/65bfeedaf3a1d93b9f32e08ccbfbd811_
[Wed May 13 23:24:39 2026]
Finished job 0.
1 of 1 steps (100%) done
