Config file config/resources.yaml is extended by additional config specified via the command line.
Building DAG of jobs...
Using shell: /cvmfs/soft.computecanada.ca/gentoo/2023/x86-64-v3/usr/bin/bash
Provided cores: 32
Rules claiming more threads will be scaled down.
Provided resources: mem_mb=12283, mem_mib=11714, disk_mb=12283, disk_mib=11714
Select jobs to execute...

[Wed May 13 22:33:39 2026]
rule star_index:
    input: /home/abthiaw/scratch/data/references/Homo_sapiens.GRCh38.dna.primary_assembly_V115.fa, /home/abthiaw/scratch/data/references/Homo_Sapiens_GRCh38_newsno.115_v2025.gtf
    output: ../tempdir/star/star_index/chrNameLength.txt
    log: ../tempdir/logs/star/star_index/star_index.log
    jobid: 0
    reason: Missing output files: ../tempdir/star/star_index/chrNameLength.txt
    threads: 32
    resources: mem_mb=12283, mem_mib=11714, disk_mb=12283, disk_mib=11714, tmpdir=/tmp

Activating conda environment: .snakemake/conda/e266354dfb84964cf7e98a1e8f326cee_
[Wed May 13 22:53:29 2026]
Finished job 0.
1 of 1 steps (100%) done
