Config file config/resources.yaml is extended by additional config specified via the command line.
Building DAG of jobs...
Using shell: /cvmfs/soft.computecanada.ca/gentoo/2023/x86-64-v3/usr/bin/bash
Provided cores: 32
Rules claiming more threads will be scaled down.
Provided resources: mem_mb=4042, mem_mib=3855, disk_mb=4042, disk_mib=3855
Select jobs to execute...

[Wed May 13 22:33:55 2026]
rule fastp:
    input: /home/abthiaw/scratch/data/fastq/fastq_ovcar81/ASO_Control_R1.fastq.gz, /home/abthiaw/scratch/data/fastq/fastq_ovcar81/ASO_Control_R2.fastq.gz
    output: ../tempdir/fastp/ASO_Control/ASO_Control_R1_fastp.fq.gz, ../tempdir/fastp/ASO_Control/ASO_Control_R2_fastp.fq.gz, ../tempdir/fastp/report/ASO_Control_fastp.html, ../tempdir/fastp/report/ASO_Control_fastp.json
    log: ../tempdir/logs/fastp/ASO_Control_fastp.log
    jobid: 0
    reason: Missing output files: ../tempdir/fastp/report/ASO_Control_fastp.json, ../tempdir/fastp/ASO_Control/ASO_Control_R1_fastp.fq.gz, ../tempdir/fastp/ASO_Control/ASO_Control_R2_fastp.fq.gz, ../tempdir/fastp/report/ASO_Control_fastp.html
    wildcards: sample=ASO_Control
    threads: 32
    resources: mem_mb=4042, mem_mib=3855, disk_mb=4042, disk_mib=3855, tmpdir=/tmp

Activating conda environment: .snakemake/conda/4a06a0afef3e5731a633570c9a50e1b5_
[Wed May 13 22:34:26 2026]
Finished job 0.
1 of 1 steps (100%) done
