Config file config/resources.yaml is extended by additional config specified via the command line.
Building DAG of jobs...
Using shell: /cvmfs/soft.computecanada.ca/gentoo/2023/x86-64-v3/usr/bin/bash
Provided cores: 32
Rules claiming more threads will be scaled down.
Select jobs to execute...

[Wed May 13 22:56:56 2026]
rule star:
    input: ../tempdir/fastp/ASO_Control/ASO_Control_R1_fastp.fq.gz, ../tempdir/fastp/ASO_Control/ASO_Control_R2_fastp.fq.gz, ../tempdir/star/star_index/chrNameLength.txt
    output: ../tempdir/star/star_align/ASO_Control/Aligned.sortedByCoord.out.bam
    log: ../tempdir/logs/star/star_align/ASO_Control.log
    jobid: 0
    reason: Missing output files: ../tempdir/star/star_align/ASO_Control/Aligned.sortedByCoord.out.bam
    wildcards: sample=ASO_Control
    threads: 32
    resources: mem_mb=3295, mem_mib=3143, disk_mb=3295, disk_mib=3143, tmpdir=/tmp

Activating conda environment: .snakemake/conda/e266354dfb84964cf7e98a1e8f326cee_
[Wed May 13 23:01:28 2026]
Finished job 0.
1 of 1 steps (100%) done
